0 verbose cli /home/raccon/.nvm/versions/node/v22.17.0/bin/node /home/raccon/.nvm/versions/node/v22.17.0/bin/npm
1 info using npm@10.9.2
2 info using node@v22.17.0
3 silly config load:file:/home/raccon/.nvm/versions/node/v22.17.0/lib/node_modules/npm/npmrc
4 silly config load:file:/home/raccon/meu-chat-ia/.npmrc
5 silly config load:file:/home/raccon/.npmrc
6 silly config load:file:/home/raccon/.nvm/versions/node/v22.17.0/etc/npmrc
7 verbose title npm install
8 verbose argv "install"
9 verbose logfile logs-max:10 dir:/home/raccon/.npm/_logs/2025-07-18T18_45_04_675Z-
10 verbose logfile /home/raccon/.npm/_logs/2025-07-18T18_45_04_675Z-debug-0.log
11 silly logfile start cleaning logs, removing 1 files
12 silly packumentCache heap:4345298944 maxSize:1086324736 maxEntrySize:543162368
13 silly logfile done cleaning log files
14 silly idealTree buildDeps
15 silly reify moves {}
16 silly audit bulk request {
16 silly audit   '@babel/code-frame': [ '7.27.1' ],
16 silly audit   '@babel/generator': [ '7.28.0' ],
16 silly audit   '@babel/helper-globals': [ '7.28.0' ],
16 silly audit   '@babel/helper-module-imports': [ '7.27.1' ],
16 silly audit   '@babel/helper-string-parser': [ '7.27.1' ],
16 silly audit   '@babel/helper-validator-identifier': [ '7.27.1' ],
16 silly audit   '@babel/parser': [ '7.28.0' ],
16 silly audit   '@babel/runtime': [ '7.27.6' ],
16 silly audit   '@babel/template': [ '7.27.2' ],
16 silly audit   '@babel/traverse': [ '7.28.0' ],
16 silly audit   '@babel/types': [ '7.28.1' ],
16 silly audit   '@cspotcode/source-map-support': [ '0.8.1' ],
16 silly audit   '@jridgewell/trace-mapping': [ '0.3.9', '0.3.29' ],
16 silly audit   '@emnapi/core': [ '1.4.3' ],
16 silly audit   '@emnapi/runtime': [ '1.4.3' ],
16 silly audit   '@emnapi/wasi-threads': [ '1.0.2' ],
16 silly audit   '@emotion/babel-plugin': [ '11.13.5' ],
16 silly audit   '@emotion/cache': [ '11.14.0' ],
16 silly audit   '@emotion/hash': [ '0.9.2' ],
16 silly audit   '@emotion/is-prop-valid': [ '1.3.1' ],
16 silly audit   '@emotion/memoize': [ '0.9.0' ],
16 silly audit   '@emotion/react': [ '11.14.0' ],
16 silly audit   '@emotion/serialize': [ '1.3.3' ],
16 silly audit   '@emotion/sheet': [ '1.4.0' ],
16 silly audit   '@emotion/styled': [ '11.14.1' ],
16 silly audit   '@emotion/unitless': [ '0.10.0' ],
16 silly audit   '@emotion/use-insertion-effect-with-fallbacks': [ '1.2.0' ],
16 silly audit   '@emotion/utils': [ '1.4.2' ],
16 silly audit   '@emotion/weak-memoize': [ '0.4.0' ],
16 silly audit   '@eslint-community/eslint-utils': [ '4.7.0' ],
16 silly audit   'eslint-visitor-keys': [ '3.4.3', '4.2.1' ],
16 silly audit   '@eslint-community/regexpp': [ '4.12.1' ],
16 silly audit   '@eslint/config-array': [ '0.20.1' ],
16 silly audit   '@eslint/config-helpers': [ '0.2.3' ],
16 silly audit   '@eslint/core': [ '0.14.0', '0.15.0' ],
16 silly audit   '@eslint/eslintrc': [ '3.3.1' ],
16 silly audit   globals: [ '14.0.0', '16.3.0' ],
16 silly audit   '@eslint/js': [ '9.29.0' ],
16 silly audit   '@eslint/object-schema': [ '2.1.6' ],
16 silly audit   '@eslint/plugin-kit': [ '0.3.2' ],
16 silly audit   '@humanfs/core': [ '0.19.1' ],
16 silly audit   '@humanfs/node': [ '0.16.6' ],
16 silly audit   '@humanwhocodes/retry': [ '0.3.1', '0.4.3' ],
16 silly audit   '@humanwhocodes/module-importer': [ '1.0.1' ],
16 silly audit   '@img/sharp-darwin-arm64': [ '0.34.2' ],
16 silly audit   '@img/sharp-darwin-x64': [ '0.34.2' ],
16 silly audit   '@img/sharp-libvips-darwin-arm64': [ '1.1.0' ],
16 silly audit   '@img/sharp-libvips-darwin-x64': [ '1.1.0' ],
16 silly audit   '@img/sharp-libvips-linux-arm': [ '1.1.0' ],
16 silly audit   '@img/sharp-libvips-linux-arm64': [ '1.1.0' ],
16 silly audit   '@img/sharp-libvips-linux-ppc64': [ '1.1.0' ],
16 silly audit   '@img/sharp-libvips-linux-s390x': [ '1.1.0' ],
16 silly audit   '@img/sharp-libvips-linux-x64': [ '1.1.0' ],
16 silly audit   '@img/sharp-libvips-linuxmusl-arm64': [ '1.1.0' ],
16 silly audit   '@img/sharp-libvips-linuxmusl-x64': [ '1.1.0' ],
16 silly audit   '@img/sharp-linux-arm': [ '0.34.2' ],
16 silly audit   '@img/sharp-linux-arm64': [ '0.34.2' ],
16 silly audit   '@img/sharp-linux-s390x': [ '0.34.2' ],
16 silly audit   '@img/sharp-linux-x64': [ '0.34.2' ],
16 silly audit   '@img/sharp-linuxmusl-arm64': [ '0.34.2' ],
16 silly audit   '@img/sharp-linuxmusl-x64': [ '0.34.2' ],
16 silly audit   '@img/sharp-wasm32': [ '0.34.2' ],
16 silly audit   '@img/sharp-win32-arm64': [ '0.34.2' ],
16 silly audit   '@img/sharp-win32-ia32': [ '0.34.2' ],
16 silly audit   '@img/sharp-win32-x64': [ '0.34.2' ],
16 silly audit   '@jridgewell/gen-mapping': [ '0.3.12' ],
16 silly audit   '@jridgewell/resolve-uri': [ '3.1.2' ],
16 silly audit   '@jridgewell/sourcemap-codec': [ '1.5.0' ],
16 silly audit   '@mui/core-downloads-tracker': [ '7.2.0' ],
16 silly audit   '@mui/icons-material': [ '7.2.0' ],
16 silly audit   '@mui/material': [ '7.2.0' ],
16 silly audit   '@mui/material-nextjs': [ '7.2.0' ],
16 silly audit   'react-is': [ '19.1.0', '16.13.1' ],
16 silly audit   '@mui/private-theming': [ '7.2.0' ],
16 silly audit   '@mui/styled-engine': [ '7.2.0' ],
16 silly audit   '@mui/system': [ '7.2.0' ],
16 silly audit   '@mui/types': [ '7.4.4' ],
16 silly audit   '@mui/utils': [ '7.2.0' ],
16 silly audit   '@napi-rs/wasm-runtime': [ '0.2.11' ],
16 silly audit   '@next/env': [ '15.3.4' ],
16 silly audit   '@next/eslint-plugin-next': [ '15.3.2' ],
16 silly audit   '@next/swc-darwin-arm64': [ '15.3.4' ],
16 silly audit   '@next/swc-darwin-x64': [ '15.3.4' ],
16 silly audit   '@next/swc-linux-arm64-gnu': [ '15.3.4' ],
16 silly audit   '@next/swc-linux-arm64-musl': [ '15.3.4' ],
16 silly audit   '@next/swc-linux-x64-gnu': [ '15.3.4' ],
16 silly audit   '@next/swc-linux-x64-musl': [ '15.3.4' ],
16 silly audit   '@next/swc-win32-arm64-msvc': [ '15.3.4' ],
16 silly audit   '@next/swc-win32-x64-msvc': [ '15.3.4' ],
16 silly audit   '@nodelib/fs.scandir': [ '2.1.5' ],
16 silly audit   '@nodelib/fs.stat': [ '2.0.5' ],
16 silly audit   '@nodelib/fs.walk': [ '1.2.8' ],
16 silly audit   '@nolyfill/is-core-module': [ '1.0.39' ],
16 silly audit   '@panva/hkdf': [ '1.2.1' ],
16 silly audit   '@parcel/watcher': [ '2.5.1' ],
16 silly audit   '@parcel/watcher-android-arm64': [ '2.5.1' ],
16 silly audit   '@parcel/watcher-darwin-arm64': [ '2.5.1' ],
16 silly audit   '@parcel/watcher-darwin-x64': [ '2.5.1' ],
16 silly audit   '@parcel/watcher-freebsd-x64': [ '2.5.1' ],
16 silly audit   '@parcel/watcher-linux-arm-glibc': [ '2.5.1' ],
16 silly audit   '@parcel/watcher-linux-arm-musl': [ '2.5.1' ],
16 silly audit   '@parcel/watcher-linux-arm64-glibc': [ '2.5.1' ],
16 silly audit   '@parcel/watcher-linux-arm64-musl': [ '2.5.1' ],
16 silly audit   '@parcel/watcher-linux-x64-glibc': [ '2.5.1' ],
16 silly audit   '@parcel/watcher-linux-x64-musl': [ '2.5.1' ],
16 silly audit   '@parcel/watcher-win32-arm64': [ '2.5.1' ],
16 silly audit   '@parcel/watcher-win32-ia32': [ '2.5.1' ],
16 silly audit   '@parcel/watcher-win32-x64': [ '2.5.1' ],
16 silly audit   'detect-libc': [ '1.0.3', '2.0.4' ],
16 silly audit   'node-addon-api': [ '7.1.1', '8.4.0' ],
16 silly audit   '@popperjs/core': [ '2.11.8' ],
16 silly audit   '@prisma/client': [ '6.12.0' ],
16 silly audit   '@prisma/config': [ '6.12.0' ],
16 silly audit   '@prisma/debug': [ '6.12.0' ],
16 silly audit   '@prisma/engines': [ '6.12.0' ],
16 silly audit   '@prisma/engines-version': [ '6.12.0-15.8047c96bbd92db98a2abc7c9323ce77c02c89dbc' ],
16 silly audit   '@prisma/fetch-engine': [ '6.12.0' ],
16 silly audit   '@prisma/get-platform': [ '6.12.0' ],
16 silly audit   '@reduxjs/toolkit': [ '2.8.2' ],
16 silly audit   '@rtsao/scc': [ '1.1.0' ],
16 silly audit   '@rushstack/eslint-patch': [ '1.11.0' ],
16 silly audit   '@standard-schema/spec': [ '1.0.0' ],
16 silly audit   '@standard-schema/utils': [ '0.3.0' ],
16 silly audit   '@swc/counter': [ '0.1.3' ],
16 silly audit   '@swc/helpers': [ '0.5.15' ],
16 silly audit   '@tsconfig/node10': [ '1.0.11' ],
16 silly audit   '@tsconfig/node12': [ '1.0.11' ],
16 silly audit   '@tsconfig/node14': [ '1.0.3' ],
16 silly audit   '@tsconfig/node16': [ '1.0.4' ],
16 silly audit   '@tybys/wasm-util': [ '0.9.0' ],
16 silly audit   '@types/bcrypt': [ '5.0.2' ],
16 silly audit   '@types/d3-array': [ '3.2.1' ],
16 silly audit   '@types/d3-color': [ '3.1.3' ],
16 silly audit   '@types/d3-ease': [ '3.0.2' ],
16 silly audit   '@types/d3-interpolate': [ '3.0.4' ],
16 silly audit   '@types/d3-path': [ '3.1.1' ],
16 silly audit   '@types/d3-scale': [ '4.0.9' ],
16 silly audit   '@types/d3-shape': [ '3.1.7' ],
16 silly audit   '@types/d3-time': [ '3.0.4' ],
16 silly audit   '@types/d3-timer': [ '3.0.2' ],
16 silly audit   '@types/debug': [ '4.1.12' ],
16 silly audit   '@types/estree': [ '1.0.8' ],
16 silly audit   '@types/estree-jsx': [ '1.0.5' ],
16 silly audit   '@types/hast': [ '3.0.4' ],
16 silly audit   '@types/json-schema': [ '7.0.15' ],
16 silly audit   '@types/json5': [ '0.0.29' ],
16 silly audit   '@types/mdast': [ '4.0.4' ],
16 silly audit   '@types/ms': [ '2.1.0' ],
16 silly audit   '@types/node': [ '20.19.1' ],
16 silly audit   '@types/parse-json': [ '4.0.2' ],
16 silly audit   '@types/prop-types': [ '15.7.15' ],
16 silly audit   '@types/react': [ '19.1.8' ],
16 silly audit   '@types/react-dom': [ '19.1.6' ],
16 silly audit   '@types/react-slick': [ '0.23.13' ],
16 silly audit   '@types/react-transition-group': [ '4.4.12' ],
16 silly audit   '@types/unist': [ '3.0.3', '2.0.11' ],
16 silly audit   '@types/use-sync-external-store': [ '0.0.6' ],
16 silly audit   '@typescript-eslint/eslint-plugin': [ '8.37.0' ],
16 silly audit   ignore: [ '7.0.5', '5.3.2' ],
16 silly audit   '@typescript-eslint/parser': [ '8.37.0' ],
16 silly audit   '@typescript-eslint/project-service': [ '8.37.0' ],
16 silly audit   '@typescript-eslint/scope-manager': [ '8.37.0' ],
16 silly audit   '@typescript-eslint/tsconfig-utils': [ '8.37.0' ],
16 silly audit   '@typescript-eslint/type-utils': [ '8.37.0' ],
16 silly audit   '@typescript-eslint/types': [ '8.37.0' ],
16 silly audit   '@typescript-eslint/typescript-estree': [ '8.37.0' ],
16 silly audit   'brace-expansion': [ '2.0.2', '1.1.12' ],
16 silly audit   'fast-glob': [ '3.3.3', '3.3.1' ],
16 silly audit   'glob-parent': [ '5.1.2', '6.0.2' ],
16 silly audit   minimatch: [ '9.0.5', '3.1.2' ],
16 silly audit   '@typescript-eslint/utils': [ '8.37.0' ],
16 silly audit   '@typescript-eslint/visitor-keys': [ '8.37.0' ],
16 silly audit   '@ungap/structured-clone': [ '1.3.0' ],
16 silly audit   '@unrs/resolver-binding-android-arm-eabi': [ '1.9.2' ],
16 silly audit   '@unrs/resolver-binding-android-arm64': [ '1.9.2' ],
16 silly audit   '@unrs/resolver-binding-darwin-arm64': [ '1.9.2' ],
16 silly audit   '@unrs/resolver-binding-darwin-x64': [ '1.9.2' ],
16 silly audit   '@unrs/resolver-binding-freebsd-x64': [ '1.9.2' ],
16 silly audit   '@unrs/resolver-binding-linux-arm-gnueabihf': [ '1.9.2' ],
16 silly audit   '@unrs/resolver-binding-linux-arm-musleabihf': [ '1.9.2' ],
16 silly audit   '@unrs/resolver-binding-linux-arm64-gnu': [ '1.9.2' ],
16 silly audit   '@unrs/resolver-binding-linux-arm64-musl': [ '1.9.2' ],
16 silly audit   '@unrs/resolver-binding-linux-ppc64-gnu': [ '1.9.2' ],
16 silly audit   '@unrs/resolver-binding-linux-riscv64-gnu': [ '1.9.2' ],
16 silly audit   '@unrs/resolver-binding-linux-riscv64-musl': [ '1.9.2' ],
16 silly audit   '@unrs/resolver-binding-linux-s390x-gnu': [ '1.9.2' ],
16 silly audit   '@unrs/resolver-binding-linux-x64-gnu': [ '1.9.2' ],
16 silly audit   '@unrs/resolver-binding-linux-x64-musl': [ '1.9.2' ],
16 silly audit   '@unrs/resolver-binding-wasm32-wasi': [ '1.9.2' ],
16 silly audit   '@unrs/resolver-binding-win32-arm64-msvc': [ '1.9.2' ],
16 silly audit   '@unrs/resolver-binding-win32-ia32-msvc': [ '1.9.2' ],
16 silly audit   '@unrs/resolver-binding-win32-x64-msvc': [ '1.9.2' ],
16 silly audit   acorn: [ '8.15.0' ],
16 silly audit   'acorn-jsx': [ '5.3.2' ],
16 silly audit   'acorn-walk': [ '8.3.4' ],
16 silly audit   ajv: [ '6.12.6' ],
16 silly audit   'ansi-styles': [ '4.3.0' ],
16 silly audit   anymatch: [ '3.1.3' ],
16 silly audit   arg: [ '4.1.3' ],
16 silly audit   argparse: [ '2.0.1' ],
16 silly audit   'aria-query': [ '5.3.2' ],
16 silly audit   'array-buffer-byte-length': [ '1.0.2' ],
16 silly audit   'array-includes': [ '3.1.9' ],
16 silly audit   'array.prototype.findlast': [ '1.2.5' ],
16 silly audit   'array.prototype.findlastindex': [ '1.2.6' ],
16 silly audit   'array.prototype.flat': [ '1.3.3' ],
16 silly audit   'array.prototype.flatmap': [ '1.3.3' ],
16 silly audit   'array.prototype.tosorted': [ '1.1.4' ],
16 silly audit   'arraybuffer.prototype.slice': [ '1.0.4' ],
16 silly audit   'ast-types-flow': [ '0.0.8' ],
16 silly audit   'async-function': [ '1.0.0' ],
16 silly audit   asynckit: [ '0.4.0' ],
16 silly audit   'available-typed-arrays': [ '1.0.7' ],
16 silly audit   'axe-core': [ '4.10.3' ],
16 silly audit   axios: [ '1.10.0' ],
16 silly audit   'axobject-query': [ '4.1.0' ],
16 silly audit   'babel-plugin-macros': [ '3.1.0' ],
16 silly audit   bail: [ '2.0.2' ],
16 silly audit   'balanced-match': [ '1.0.2' ],
16 silly audit   bcrypt: [ '6.0.0' ],
16 silly audit   'binary-extensions': [ '2.3.0' ],
16 silly audit   braces: [ '3.0.3' ],
16 silly audit   busboy: [ '1.6.0' ],
16 silly audit   'call-bind': [ '1.0.8' ],
16 silly audit   'call-bind-apply-helpers': [ '1.0.2' ],
16 silly audit   'call-bound': [ '1.0.4' ],
16 silly audit   callsites: [ '3.1.0' ],
16 silly audit   'caniuse-lite': [ '1.0.30001724' ],
16 silly audit   ccount: [ '2.0.1' ],
16 silly audit   chalk: [ '4.1.2' ],
16 silly audit   'character-entities': [ '2.0.2' ],
16 silly audit   'character-entities-html4': [ '2.1.0' ],
16 silly audit   'character-entities-legacy': [ '3.0.0' ],
16 silly audit   'character-reference-invalid': [ '2.0.1' ],
16 silly audit   chokidar: [ '3.6.0', '4.0.3' ],
16 silly audit   classnames: [ '2.5.1' ],
16 silly audit   'client-only': [ '0.0.1' ],
16 silly audit   clsx: [ '2.1.1' ],
16 silly audit   color: [ '4.2.3' ],
16 silly audit   'color-convert': [ '2.0.1' ],
16 silly audit   'color-name': [ '1.1.4' ],
16 silly audit   'color-string': [ '1.9.1' ],
16 silly audit   'combined-stream': [ '1.0.8' ],
16 silly audit   'comma-separated-tokens': [ '2.0.3' ],
16 silly audit   'concat-map': [ '0.0.1' ],
16 silly audit   'convert-source-map': [ '1.9.0' ],
16 silly audit   cookie: [ '0.7.2' ],
16 silly audit   cosmiconfig: [ '7.1.0' ],
16 silly audit   'create-require': [ '1.1.1' ],
16 silly audit   'cross-spawn': [ '7.0.6' ],
16 silly audit   csstype: [ '3.1.3' ],
16 silly audit   'd3-array': [ '3.2.4' ],
16 silly audit   'd3-color': [ '3.1.0' ],
16 silly audit   'd3-ease': [ '3.0.1' ],
16 silly audit   'd3-format': [ '3.1.0' ],
16 silly audit   'd3-interpolate': [ '3.0.1' ],
16 silly audit   'd3-path': [ '3.1.0' ],
16 silly audit   'd3-scale': [ '4.0.2' ],
16 silly audit   'd3-shape': [ '3.2.0' ],
16 silly audit   'd3-time': [ '3.1.0' ],
16 silly audit   'd3-time-format': [ '4.1.0' ],
16 silly audit   'd3-timer': [ '3.0.1' ],
16 silly audit   'damerau-levenshtein': [ '1.0.8' ],
16 silly audit   'data-view-buffer': [ '1.0.2' ],
16 silly audit   'data-view-byte-length': [ '1.0.2' ],
16 silly audit   'data-view-byte-offset': [ '1.0.1' ],
16 silly audit   debug: [ '4.4.1', '3.2.7' ],
16 silly audit   'decimal.js-light': [ '2.5.1' ],
16 silly audit   'decode-named-character-reference': [ '1.2.0' ],
16 silly audit   'deep-is': [ '0.1.4' ],
16 silly audit   'define-data-property': [ '1.1.4' ],
16 silly audit   'define-properties': [ '1.2.1' ],
16 silly audit   'delayed-stream': [ '1.0.0' ],
16 silly audit   dequal: [ '2.0.3' ],
16 silly audit   devlop: [ '1.1.0' ],
16 silly audit   diff: [ '4.0.2' ],
16 silly audit   doctrine: [ '2.1.0' ],
16 silly audit   'dom-helpers': [ '5.2.1' ],
16 silly audit   'dunder-proto': [ '1.0.1' ],
16 silly audit   'emoji-regex': [ '9.2.2' ],
16 silly audit   'enquire.js': [ '2.1.6' ],
16 silly audit   'error-ex': [ '1.3.2' ],
16 silly audit   'is-arrayish': [ '0.2.1', '0.3.2' ],
16 silly audit   'es-abstract': [ '1.24.0' ],
16 silly audit   'es-define-property': [ '1.0.1' ],
16 silly audit   'es-errors': [ '1.3.0' ],
16 silly audit   'es-iterator-helpers': [ '1.2.1' ],
16 silly audit   'es-object-atoms': [ '1.1.1' ],
16 silly audit   'es-set-tostringtag': [ '2.1.0' ],
16 silly audit   'es-shim-unscopables': [ '1.1.0' ],
16 silly audit   'es-to-primitive': [ '1.3.0' ],
16 silly audit   'es-toolkit': [ '1.39.7' ],
16 silly audit   'escape-string-regexp': [ '4.0.0', '5.0.0' ],
16 silly audit   eslint: [ '9.29.0' ],
16 silly audit   'eslint-config-next': [ '15.3.2' ],
16 silly audit   'eslint-import-resolver-node': [ '0.3.9' ],
16 silly audit   'eslint-import-resolver-typescript': [ '3.10.1' ],
16 silly audit   'eslint-module-utils': [ '2.12.1' ],
16 silly audit   'eslint-plugin-import': [ '2.32.0' ],
16 silly audit   semver: [ '6.3.1', '7.7.2' ],
16 silly audit   'eslint-plugin-jsx-a11y': [ '6.10.2' ],
16 silly audit   'eslint-plugin-react': [ '7.37.5' ],
16 silly audit   'eslint-plugin-react-hooks': [ '5.2.0' ],
16 silly audit   resolve: [ '2.0.0-next.5', '1.22.10' ],
16 silly audit   'eslint-scope': [ '8.4.0' ],
16 silly audit   espree: [ '10.4.0' ],
16 silly audit   esquery: [ '1.6.0' ],
16 silly audit   esrecurse: [ '4.3.0' ],
16 silly audit   estraverse: [ '5.3.0' ],
16 silly audit   'estree-util-is-identifier-name': [ '3.0.0' ],
16 silly audit   esutils: [ '2.0.3' ],
16 silly audit   eventemitter3: [ '5.0.1' ],
16 silly audit   extend: [ '3.0.2' ],
16 silly audit   'fast-deep-equal': [ '3.1.3' ],
16 silly audit   'fast-json-stable-stringify': [ '2.1.0' ],
16 silly audit   'fast-levenshtein': [ '2.0.6' ],
16 silly audit   fastq: [ '1.19.1' ],
16 silly audit   'file-entry-cache': [ '8.0.0' ],
16 silly audit   'fill-range': [ '7.1.1' ],
16 silly audit   'find-root': [ '1.1.0' ],
16 silly audit   'find-up': [ '5.0.0' ],
16 silly audit   'flat-cache': [ '4.0.1' ],
16 silly audit   flatted: [ '3.3.3' ],
16 silly audit   'follow-redirects': [ '1.15.9' ],
16 silly audit   'for-each': [ '0.3.5' ],
16 silly audit   'form-data': [ '4.0.3' ],
16 silly audit   fsevents: [ '2.3.3' ],
16 silly audit   'function-bind': [ '1.1.2' ],
16 silly audit   'function.prototype.name': [ '1.1.8' ],
16 silly audit   'functions-have-names': [ '1.2.3' ],
16 silly audit   'get-intrinsic': [ '1.3.0' ],
16 silly audit   'get-proto': [ '1.0.1' ],
16 silly audit   'get-symbol-description': [ '1.1.0' ],
16 silly audit   'get-tsconfig': [ '4.10.1' ],
16 silly audit   globalthis: [ '1.0.4' ],
16 silly audit   gopd: [ '1.2.0' ],
16 silly audit   graphemer: [ '1.4.0' ],
16 silly audit   'has-bigints': [ '1.1.0' ],
16 silly audit   'has-flag': [ '4.0.0', '3.0.0' ],
16 silly audit   'has-property-descriptors': [ '1.0.2' ],
16 silly audit   'has-proto': [ '1.2.0' ],
16 silly audit   'has-symbols': [ '1.1.0' ],
16 silly audit   'has-tostringtag': [ '1.0.2' ],
16 silly audit   hasown: [ '2.0.2' ],
16 silly audit   'hast-util-to-jsx-runtime': [ '2.3.6' ],
16 silly audit   'hast-util-whitespace': [ '3.0.0' ],
16 silly audit   'hoist-non-react-statics': [ '3.3.2' ],
16 silly audit   'html-url-attributes': [ '3.0.1' ],
16 silly audit   'ignore-by-default': [ '1.0.1' ],
16 silly audit   immer: [ '10.1.1' ],
16 silly audit   immutable: [ '5.1.3' ],
16 silly audit   'import-fresh': [ '3.3.1' ],
16 silly audit   imurmurhash: [ '0.1.4' ],
16 silly audit   'inline-style-parser': [ '0.2.4' ],
16 silly audit   'internal-slot': [ '1.1.0' ],
16 silly audit   internmap: [ '2.0.3' ],
16 silly audit   'is-alphabetical': [ '2.0.1' ],
16 silly audit   'is-alphanumerical': [ '2.0.1' ],
16 silly audit   'is-array-buffer': [ '3.0.5' ],
16 silly audit   'is-async-function': [ '2.1.1' ],
16 silly audit   'is-bigint': [ '1.1.0' ],
16 silly audit   'is-binary-path': [ '2.1.0' ],
16 silly audit   'is-boolean-object': [ '1.2.2' ],
16 silly audit   'is-bun-module': [ '2.0.0' ],
16 silly audit   'is-callable': [ '1.2.7' ],
16 silly audit   'is-core-module': [ '2.16.1' ],
16 silly audit   'is-data-view': [ '1.0.2' ],
16 silly audit   'is-date-object': [ '1.1.0' ],
16 silly audit   'is-decimal': [ '2.0.1' ],
16 silly audit   'is-extglob': [ '2.1.1' ],
16 silly audit   'is-finalizationregistry': [ '1.1.1' ],
16 silly audit   'is-generator-function': [ '1.1.0' ],
16 silly audit   'is-glob': [ '4.0.3' ],
16 silly audit   'is-hexadecimal': [ '2.0.1' ],
16 silly audit   'is-map': [ '2.0.3' ],
16 silly audit   'is-negative-zero': [ '2.0.3' ],
16 silly audit   'is-number': [ '7.0.0' ],
16 silly audit   'is-number-object': [ '1.1.1' ],
16 silly audit   'is-plain-obj': [ '4.1.0' ],
16 silly audit   'is-regex': [ '1.2.1' ],
16 silly audit   'is-set': [ '2.0.3' ],
16 silly audit   'is-shared-array-buffer': [ '1.0.4' ],
16 silly audit   'is-string': [ '1.1.1' ],
16 silly audit   'is-symbol': [ '1.1.1' ],
16 silly audit   'is-typed-array': [ '1.1.15' ],
16 silly audit   'is-weakmap': [ '2.0.2' ],
16 silly audit   'is-weakref': [ '1.1.1' ],
16 silly audit   'is-weakset': [ '2.0.4' ],
16 silly audit   isarray: [ '2.0.5' ],
16 silly audit   isexe: [ '2.0.0' ],
16 silly audit   'iterator.prototype': [ '1.1.5' ],
16 silly audit   jiti: [ '2.4.2' ],
16 silly audit   jose: [ '4.15.9' ],
16 silly audit   jquery: [ '3.7.1' ],
16 silly audit   'js-tokens': [ '4.0.0' ],
16 silly audit   'js-yaml': [ '4.1.0' ],
16 silly audit   jsesc: [ '3.1.0' ],
16 silly audit   'json-buffer': [ '3.0.1' ],
16 silly audit   'json-parse-even-better-errors': [ '2.3.1' ],
16 silly audit   'json-schema-traverse': [ '0.4.1' ],
16 silly audit   'json-stable-stringify-without-jsonify': [ '1.0.1' ],
16 silly audit   json2mq: [ '0.2.0' ],
16 silly audit   json5: [ '1.0.2' ],
16 silly audit   'jsx-ast-utils': [ '3.3.5' ],
16 silly audit   keyv: [ '4.5.4' ],
16 silly audit   'language-subtag-registry': [ '0.3.23' ],
16 silly audit   'language-tags': [ '1.0.9' ],
16 silly audit   levn: [ '0.4.1' ],
16 silly audit   'lines-and-columns': [ '1.2.4' ],
16 silly audit   'locate-path': [ '6.0.0' ],
16 silly audit   'lodash.debounce': [ '4.0.8' ],
16 silly audit   'lodash.merge': [ '4.6.2' ],
16 silly audit   'longest-streak': [ '3.1.0' ],
16 silly audit   'loose-envify': [ '1.4.0' ],
16 silly audit   'lru-cache': [ '6.0.0' ],
16 silly audit   'make-error': [ '1.3.6' ],
16 silly audit   'markdown-table': [ '3.0.4' ],
16 silly audit   'math-intrinsics': [ '1.1.0' ],
16 silly audit   'mdast-util-find-and-replace': [ '3.0.2' ],
16 silly audit   'mdast-util-from-markdown': [ '2.0.2' ],
16 silly audit   'mdast-util-gfm': [ '3.1.0' ],
16 silly audit   'mdast-util-gfm-autolink-literal': [ '2.0.1' ],
16 silly audit   'mdast-util-gfm-footnote': [ '2.1.0' ],
16 silly audit   'mdast-util-gfm-strikethrough': [ '2.0.0' ],
16 silly audit   'mdast-util-gfm-table': [ '2.0.0' ],
16 silly audit   'mdast-util-gfm-task-list-item': [ '2.0.0' ],
16 silly audit   'mdast-util-mdx-expression': [ '2.0.1' ],
16 silly audit   'mdast-util-mdx-jsx': [ '3.2.0' ],
16 silly audit   'mdast-util-mdxjs-esm': [ '2.0.1' ],
16 silly audit   'mdast-util-phrasing': [ '4.1.0' ],
16 silly audit   'mdast-util-to-hast': [ '13.2.0' ],
16 silly audit   'mdast-util-to-markdown': [ '2.1.2' ],
16 silly audit   'mdast-util-to-string': [ '4.0.0' ],
16 silly audit   merge2: [ '1.4.1' ],
16 silly audit   micromark: [ '4.0.2' ],
16 silly audit   'micromark-core-commonmark': [ '2.0.3' ],
16 silly audit   'micromark-extension-gfm': [ '3.0.0' ],
16 silly audit   'micromark-extension-gfm-autolink-literal': [ '2.1.0' ],
16 silly audit   'micromark-extension-gfm-footnote': [ '2.1.0' ],
16 silly audit   'micromark-extension-gfm-strikethrough': [ '2.1.0' ],
16 silly audit   'micromark-extension-gfm-table': [ '2.1.1' ],
16 silly audit   'micromark-extension-gfm-tagfilter': [ '2.0.0' ],
16 silly audit   'micromark-extension-gfm-task-list-item': [ '2.1.0' ],
16 silly audit   'micromark-factory-destination': [ '2.0.1' ],
16 silly audit   'micromark-factory-label': [ '2.0.1' ],
16 silly audit   'micromark-factory-space': [ '2.0.1' ],
16 silly audit   'micromark-factory-title': [ '2.0.1' ],
16 silly audit   'micromark-factory-whitespace': [ '2.0.1' ],
16 silly audit   'micromark-util-character': [ '2.1.1' ],
16 silly audit   'micromark-util-chunked': [ '2.0.1' ],
16 silly audit   'micromark-util-classify-character': [ '2.0.1' ],
16 silly audit   'micromark-util-combine-extensions': [ '2.0.1' ],
16 silly audit   'micromark-util-decode-numeric-character-reference': [ '2.0.2' ],
16 silly audit   'micromark-util-decode-string': [ '2.0.1' ],
16 silly audit   'micromark-util-encode': [ '2.0.1' ],
16 silly audit   'micromark-util-html-tag-name': [ '2.0.1' ],
16 silly audit   'micromark-util-normalize-identifier': [ '2.0.1' ],
16 silly audit   'micromark-util-resolve-all': [ '2.0.1' ],
16 silly audit   'micromark-util-sanitize-uri': [ '2.0.1' ],
16 silly audit   'micromark-util-subtokenize': [ '2.1.0' ],
16 silly audit   'micromark-util-symbol': [ '2.0.1' ],
16 silly audit   'micromark-util-types': [ '2.0.2' ],
16 silly audit   micromatch: [ '4.0.8' ],
16 silly audit   'mime-db': [ '1.52.0' ],
16 silly audit   'mime-types': [ '2.1.35' ],
16 silly audit   minimist: [ '1.2.8' ],
16 silly audit   ms: [ '2.1.3' ],
16 silly audit   nanoid: [ '3.3.11' ],
16 silly audit   'napi-postinstall': [ '0.2.4' ],
16 silly audit   'natural-compare': [ '1.4.0' ],
16 silly audit   next: [ '15.3.4' ],
16 silly audit   'next-auth': [ '4.24.11' ],
16 silly audit   postcss: [ '8.4.31' ],
16 silly audit   'node-gyp-build': [ '4.8.4' ],
16 silly audit   nodemon: [ '3.1.10' ],
16 silly audit   'supports-color': [ '5.5.0', '7.2.0' ],
16 silly audit   'normalize-path': [ '3.0.0' ],
16 silly audit   oauth: [ '0.9.15' ],
16 silly audit   'object-assign': [ '4.1.1' ],
16 silly audit   'object-hash': [ '2.2.0' ],
16 silly audit   'object-inspect': [ '1.13.4' ],
16 silly audit   'object-keys': [ '1.1.1' ],
16 silly audit   'object.assign': [ '4.1.7' ],
16 silly audit   'object.entries': [ '1.1.9' ],
16 silly audit   'object.fromentries': [ '2.0.8' ],
16 silly audit   'object.groupby': [ '1.0.3' ],
16 silly audit   'object.values': [ '1.2.1' ],
16 silly audit   'oidc-token-hash': [ '5.1.0' ],
16 silly audit   'openid-client': [ '5.7.1' ],
16 silly audit   optionator: [ '0.9.4' ],
16 silly audit   'own-keys': [ '1.0.1' ],
16 silly audit   'p-limit': [ '3.1.0' ],
16 silly audit   'p-locate': [ '5.0.0' ],
16 silly audit   'parent-module': [ '1.0.1' ],
16 silly audit   'parse-entities': [ '4.0.2' ],
16 silly audit   'parse-json': [ '5.2.0' ],
16 silly audit   'path-exists': [ '4.0.0' ],
16 silly audit   'path-key': [ '3.1.1' ],
16 silly audit   'path-parse': [ '1.0.7' ],
16 silly audit   'path-type': [ '4.0.0' ],
16 silly audit   picocolors: [ '1.1.1' ],
16 silly audit   picomatch: [ '2.3.1', '4.0.2' ],
16 silly audit   'possible-typed-array-names': [ '1.1.0' ],
16 silly audit   preact: [ '10.26.9' ],
16 silly audit   'preact-render-to-string': [ '5.2.6' ],
16 silly audit   'prelude-ls': [ '1.2.1' ],
16 silly audit   'pretty-format': [ '3.8.0' ],
16 silly audit   prisma: [ '6.12.0' ],
16 silly audit   'prop-types': [ '15.8.1' ],
16 silly audit   'property-information': [ '7.1.0' ],
16 silly audit   'proxy-from-env': [ '1.1.0' ],
16 silly audit   'pstree.remy': [ '1.1.8' ],
16 silly audit   punycode: [ '2.3.1' ],
16 silly audit   'queue-microtask': [ '1.2.3' ],
16 silly audit   react: [ '19.1.0' ],
16 silly audit   'react-dom': [ '19.1.0' ],
16 silly audit   'react-icons': [ '5.5.0' ],
16 silly audit   'react-markdown': [ '10.1.0' ],
16 silly audit   'react-redux': [ '9.2.0' ],
16 silly audit   'react-slick': [ '0.30.3' ],
16 silly audit   'react-transition-group': [ '4.4.5' ],
16 silly audit   readdirp: [ '3.6.0', '4.1.2' ],
16 silly audit   recharts: [ '3.1.0' ],
16 silly audit   redux: [ '5.0.1' ],
16 silly audit   'redux-thunk': [ '3.1.0' ],
16 silly audit   'reflect.getprototypeof': [ '1.0.10' ],
16 silly audit   'regexp.prototype.flags': [ '1.5.4' ],
16 silly audit   'remark-gfm': [ '4.0.1' ],
16 silly audit   'remark-parse': [ '11.0.0' ],
16 silly audit   'remark-rehype': [ '11.1.2' ],
16 silly audit   'remark-stringify': [ '11.0.0' ],
16 silly audit   reselect: [ '5.1.1' ],
16 silly audit   'resize-observer-polyfill': [ '1.5.1' ],
16 silly audit   'resolve-from': [ '4.0.0' ],
16 silly audit   'resolve-pkg-maps': [ '1.0.0' ],
16 silly audit   reusify: [ '1.1.0' ],
16 silly audit   'run-parallel': [ '1.2.0' ],
16 silly audit   'safe-array-concat': [ '1.1.3' ],
16 silly audit   'safe-push-apply': [ '1.0.0' ],
16 silly audit   'safe-regex-test': [ '1.1.0' ],
16 silly audit   sass: [ '1.89.2' ],
16 silly audit   scheduler: [ '0.26.0' ],
16 silly audit   'set-function-length': [ '1.2.2' ],
16 silly audit   'set-function-name': [ '2.0.2' ],
16 silly audit   'set-proto': [ '1.0.0' ],
16 silly audit   sharp: [ '0.34.2' ],
16 silly audit   'shebang-command': [ '2.0.0' ],
16 silly audit   'shebang-regex': [ '3.0.0' ],
16 silly audit   'side-channel': [ '1.1.0' ],
16 silly audit   'side-channel-list': [ '1.0.0' ],
16 silly audit   'side-channel-map': [ '1.0.1' ],
16 silly audit   'side-channel-weakmap': [ '1.0.2' ],
16 silly audit   'simple-swizzle': [ '0.2.2' ],
16 silly audit   'simple-update-notifier': [ '2.0.0' ],
16 silly audit   'slick-carousel': [ '1.8.1' ],
16 silly audit   'source-map': [ '0.5.7' ],
16 silly audit   'source-map-js': [ '1.2.1' ],
16 silly audit   'space-separated-tokens': [ '2.0.2' ],
16 silly audit   'stable-hash': [ '0.0.5' ],
16 silly audit   'stop-iteration-iterator': [ '1.1.0' ],
16 silly audit   streamsearch: [ '1.1.0' ],
16 silly audit   'string-convert': [ '0.2.1' ],
16 silly audit   'string.prototype.includes': [ '2.0.1' ],
16 silly audit   'string.prototype.matchall': [ '4.0.12' ],
16 silly audit   'string.prototype.repeat': [ '1.0.0' ],
16 silly audit   'string.prototype.trim': [ '1.2.10' ],
16 silly audit   'string.prototype.trimend': [ '1.0.9' ],
16 silly audit   'string.prototype.trimstart': [ '1.0.8' ],
16 silly audit   'stringify-entities': [ '4.0.4' ],
16 silly audit   'strip-bom': [ '3.0.0' ],
16 silly audit   'strip-json-comments': [ '3.1.1' ],
16 silly audit   'style-to-js': [ '1.1.17' ],
16 silly audit   'style-to-object': [ '1.0.9' ],
16 silly audit   'styled-jsx': [ '5.1.6' ],
16 silly audit   stylis: [ '4.2.0' ],
16 silly audit   'supports-preserve-symlinks-flag': [ '1.0.0' ],
16 silly audit   'tiny-invariant': [ '1.3.3' ],
16 silly audit   tinyglobby: [ '0.2.14' ],
16 silly audit   fdir: [ '6.4.6' ],
16 silly audit   'to-regex-range': [ '5.0.1' ],
16 silly audit   touch: [ '3.1.1' ],
16 silly audit   'trim-lines': [ '3.0.1' ],
16 silly audit   trough: [ '2.2.0' ],
16 silly audit   'ts-api-utils': [ '2.1.0' ],
16 silly audit   'ts-node': [ '10.9.2' ],
16 silly audit   'tsconfig-paths': [ '3.15.0' ],
16 silly audit   tslib: [ '2.8.1' ],
16 silly audit   'type-check': [ '0.4.0' ],
16 silly audit   'typed-array-buffer': [ '1.0.3' ],
16 silly audit   'typed-array-byte-length': [ '1.0.3' ],
16 silly audit   'typed-array-byte-offset': [ '1.0.4' ],
16 silly audit   'typed-array-length': [ '1.0.7' ],
16 silly audit   typescript: [ '5.8.3' ],
16 silly audit   'typescript-eslint': [ '8.37.0' ],
16 silly audit   'unbox-primitive': [ '1.1.0' ],
16 silly audit   undefsafe: [ '2.0.5' ],
16 silly audit   'undici-types': [ '6.21.0' ],
16 silly audit   unified: [ '11.0.5' ],
16 silly audit   'unist-util-is': [ '6.0.0' ],
16 silly audit   'unist-util-position': [ '5.0.0' ],
16 silly audit   'unist-util-stringify-position': [ '4.0.0' ],
16 silly audit   'unist-util-visit': [ '5.0.0' ],
16 silly audit   'unist-util-visit-parents': [ '6.0.1' ],
16 silly audit   'unrs-resolver': [ '1.9.2' ],
16 silly audit   'uri-js': [ '4.4.1' ],
16 silly audit   'use-sync-external-store': [ '1.5.0' ],
16 silly audit   uuid: [ '8.3.2' ],
16 silly audit   'v8-compile-cache-lib': [ '3.0.1' ],
16 silly audit   vfile: [ '6.0.3' ],
16 silly audit   'vfile-message': [ '4.0.2' ],
16 silly audit   'victory-vendor': [ '37.3.6' ],
16 silly audit   which: [ '2.0.2' ],
16 silly audit   'which-boxed-primitive': [ '1.1.1' ],
16 silly audit   'which-builtin-type': [ '1.2.1' ],
16 silly audit   'which-collection': [ '1.0.2' ],
16 silly audit   'which-typed-array': [ '1.1.19' ],
16 silly audit   'word-wrap': [ '1.2.5' ],
16 silly audit   yallist: [ '4.0.0' ],
16 silly audit   yaml: [ '1.10.2' ],
16 silly audit   yn: [ '3.1.1' ],
16 silly audit   'yocto-queue': [ '0.1.0' ],
16 silly audit   zwitch: [ '2.0.4' ]
16 silly audit }
17 verbose reify failed optional dependency /home/raccon/meu-chat-ia/node_modules/fsevents
18 silly reify mark deleted [ '/home/raccon/meu-chat-ia/node_modules/fsevents' ]
19 verbose reify failed optional dependency /home/raccon/meu-chat-ia/node_modules/@unrs/resolver-binding-win32-x64-msvc
20 silly reify mark deleted [
20 silly reify   '/home/raccon/meu-chat-ia/node_modules/@unrs/resolver-binding-win32-x64-msvc'
20 silly reify ]
21 verbose reify failed optional dependency /home/raccon/meu-chat-ia/node_modules/@unrs/resolver-binding-win32-ia32-msvc
22 silly reify mark deleted [
22 silly reify   '/home/raccon/meu-chat-ia/node_modules/@unrs/resolver-binding-win32-ia32-msvc'
22 silly reify ]
23 verbose reify failed optional dependency /home/raccon/meu-chat-ia/node_modules/@unrs/resolver-binding-win32-arm64-msvc
24 silly reify mark deleted [
24 silly reify   '/home/raccon/meu-chat-ia/node_modules/@unrs/resolver-binding-win32-arm64-msvc'
24 silly reify ]
25 verbose reify failed optional dependency /home/raccon/meu-chat-ia/node_modules/@unrs/resolver-binding-wasm32-wasi
26 silly reify mark deleted [
26 silly reify   '/home/raccon/meu-chat-ia/node_modules/@unrs/resolver-binding-wasm32-wasi'
26 silly reify ]
27 verbose reify failed optional dependency /home/raccon/meu-chat-ia/node_modules/@napi-rs/wasm-runtime
28 silly reify mark deleted [ '/home/raccon/meu-chat-ia/node_modules/@napi-rs/wasm-runtime' ]
29 verbose reify failed optional dependency /home/raccon/meu-chat-ia/node_modules/@emnapi/core
30 silly reify mark deleted [ '/home/raccon/meu-chat-ia/node_modules/@emnapi/core' ]
31 verbose reify failed optional dependency /home/raccon/meu-chat-ia/node_modules/@tybys/wasm-util
32 silly reify mark deleted [ '/home/raccon/meu-chat-ia/node_modules/@tybys/wasm-util' ]
33 verbose reify failed optional dependency /home/raccon/meu-chat-ia/node_modules/@emnapi/wasi-threads
34 silly reify mark deleted [ '/home/raccon/meu-chat-ia/node_modules/@emnapi/wasi-threads' ]
35 verbose reify failed optional dependency /home/raccon/meu-chat-ia/node_modules/@unrs/resolver-binding-linux-s390x-gnu
36 silly reify mark deleted [
36 silly reify   '/home/raccon/meu-chat-ia/node_modules/@unrs/resolver-binding-linux-s390x-gnu'
36 silly reify ]
37 verbose reify failed optional dependency /home/raccon/meu-chat-ia/node_modules/@unrs/resolver-binding-linux-riscv64-musl
38 silly reify mark deleted [
38 silly reify   '/home/raccon/meu-chat-ia/node_modules/@unrs/resolver-binding-linux-riscv64-musl'
38 silly reify ]
39 verbose reify failed optional dependency /home/raccon/meu-chat-ia/node_modules/@unrs/resolver-binding-linux-riscv64-gnu
40 silly reify mark deleted [
40 silly reify   '/home/raccon/meu-chat-ia/node_modules/@unrs/resolver-binding-linux-riscv64-gnu'
40 silly reify ]
41 verbose reify failed optional dependency /home/raccon/meu-chat-ia/node_modules/@unrs/resolver-binding-linux-ppc64-gnu
42 silly reify mark deleted [
42 silly reify   '/home/raccon/meu-chat-ia/node_modules/@unrs/resolver-binding-linux-ppc64-gnu'
42 silly reify ]
43 verbose reify failed optional dependency /home/raccon/meu-chat-ia/node_modules/@unrs/resolver-binding-linux-arm64-musl
44 silly reify mark deleted [
44 silly reify   '/home/raccon/meu-chat-ia/node_modules/@unrs/resolver-binding-linux-arm64-musl'
44 silly reify ]
45 verbose reify failed optional dependency /home/raccon/meu-chat-ia/node_modules/@unrs/resolver-binding-linux-arm64-gnu
46 silly reify mark deleted [
46 silly reify   '/home/raccon/meu-chat-ia/node_modules/@unrs/resolver-binding-linux-arm64-gnu'
46 silly reify ]
47 verbose reify failed optional dependency /home/raccon/meu-chat-ia/node_modules/@unrs/resolver-binding-linux-arm-musleabihf
48 silly reify mark deleted [
48 silly reify   '/home/raccon/meu-chat-ia/node_modules/@unrs/resolver-binding-linux-arm-musleabihf'
48 silly reify ]
49 verbose reify failed optional dependency /home/raccon/meu-chat-ia/node_modules/@unrs/resolver-binding-linux-arm-gnueabihf
50 silly reify mark deleted [
50 silly reify   '/home/raccon/meu-chat-ia/node_modules/@unrs/resolver-binding-linux-arm-gnueabihf'
50 silly reify ]
51 verbose reify failed optional dependency /home/raccon/meu-chat-ia/node_modules/@unrs/resolver-binding-freebsd-x64
52 silly reify mark deleted [
52 silly reify   '/home/raccon/meu-chat-ia/node_modules/@unrs/resolver-binding-freebsd-x64'
52 silly reify ]
53 verbose reify failed optional dependency /home/raccon/meu-chat-ia/node_modules/@unrs/resolver-binding-darwin-x64
54 silly reify mark deleted [
54 silly reify   '/home/raccon/meu-chat-ia/node_modules/@unrs/resolver-binding-darwin-x64'
54 silly reify ]
55 verbose reify failed optional dependency /home/raccon/meu-chat-ia/node_modules/@unrs/resolver-binding-darwin-arm64
56 silly reify mark deleted [
56 silly reify   '/home/raccon/meu-chat-ia/node_modules/@unrs/resolver-binding-darwin-arm64'
56 silly reify ]
57 verbose reify failed optional dependency /home/raccon/meu-chat-ia/node_modules/@unrs/resolver-binding-android-arm64
58 silly reify mark deleted [
58 silly reify   '/home/raccon/meu-chat-ia/node_modules/@unrs/resolver-binding-android-arm64'
58 silly reify ]
59 verbose reify failed optional dependency /home/raccon/meu-chat-ia/node_modules/@unrs/resolver-binding-android-arm-eabi
60 silly reify mark deleted [
60 silly reify   '/home/raccon/meu-chat-ia/node_modules/@unrs/resolver-binding-android-arm-eabi'
60 silly reify ]
61 verbose reify failed optional dependency /home/raccon/meu-chat-ia/node_modules/@parcel/watcher-win32-x64
62 silly reify mark deleted [ '/home/raccon/meu-chat-ia/node_modules/@parcel/watcher-win32-x64' ]
63 verbose reify failed optional dependency /home/raccon/meu-chat-ia/node_modules/@parcel/watcher-win32-ia32
64 silly reify mark deleted [ '/home/raccon/meu-chat-ia/node_modules/@parcel/watcher-win32-ia32' ]
65 verbose reify failed optional dependency /home/raccon/meu-chat-ia/node_modules/@parcel/watcher-win32-arm64
66 silly reify mark deleted [ '/home/raccon/meu-chat-ia/node_modules/@parcel/watcher-win32-arm64' ]
67 verbose reify failed optional dependency /home/raccon/meu-chat-ia/node_modules/@parcel/watcher-linux-arm64-musl
68 silly reify mark deleted [
68 silly reify   '/home/raccon/meu-chat-ia/node_modules/@parcel/watcher-linux-arm64-musl'
68 silly reify ]
69 verbose reify failed optional dependency /home/raccon/meu-chat-ia/node_modules/@parcel/watcher-linux-arm64-glibc
70 silly reify mark deleted [
70 silly reify   '/home/raccon/meu-chat-ia/node_modules/@parcel/watcher-linux-arm64-glibc'
70 silly reify ]
71 verbose reify failed optional dependency /home/raccon/meu-chat-ia/node_modules/@parcel/watcher-linux-arm-musl
72 silly reify mark deleted [
72 silly reify   '/home/raccon/meu-chat-ia/node_modules/@parcel/watcher-linux-arm-musl'
72 silly reify ]
73 verbose reify failed optional dependency /home/raccon/meu-chat-ia/node_modules/@parcel/watcher-linux-arm-glibc
74 silly reify mark deleted [
74 silly reify   '/home/raccon/meu-chat-ia/node_modules/@parcel/watcher-linux-arm-glibc'
74 silly reify ]
75 verbose reify failed optional dependency /home/raccon/meu-chat-ia/node_modules/@parcel/watcher-freebsd-x64
76 silly reify mark deleted [ '/home/raccon/meu-chat-ia/node_modules/@parcel/watcher-freebsd-x64' ]
77 verbose reify failed optional dependency /home/raccon/meu-chat-ia/node_modules/@parcel/watcher-darwin-x64
78 silly reify mark deleted [ '/home/raccon/meu-chat-ia/node_modules/@parcel/watcher-darwin-x64' ]
79 verbose reify failed optional dependency /home/raccon/meu-chat-ia/node_modules/@parcel/watcher-darwin-arm64
80 silly reify mark deleted [
80 silly reify   '/home/raccon/meu-chat-ia/node_modules/@parcel/watcher-darwin-arm64'
80 silly reify ]
81 verbose reify failed optional dependency /home/raccon/meu-chat-ia/node_modules/@parcel/watcher-android-arm64
82 silly reify mark deleted [
82 silly reify   '/home/raccon/meu-chat-ia/node_modules/@parcel/watcher-android-arm64'
82 silly reify ]
83 verbose reify failed optional dependency /home/raccon/meu-chat-ia/node_modules/@next/swc-win32-x64-msvc
84 silly reify mark deleted [ '/home/raccon/meu-chat-ia/node_modules/@next/swc-win32-x64-msvc' ]
85 verbose reify failed optional dependency /home/raccon/meu-chat-ia/node_modules/@next/swc-win32-arm64-msvc
86 silly reify mark deleted [ '/home/raccon/meu-chat-ia/node_modules/@next/swc-win32-arm64-msvc' ]
87 verbose reify failed optional dependency /home/raccon/meu-chat-ia/node_modules/@next/swc-linux-arm64-musl
88 silly reify mark deleted [ '/home/raccon/meu-chat-ia/node_modules/@next/swc-linux-arm64-musl' ]
89 verbose reify failed optional dependency /home/raccon/meu-chat-ia/node_modules/@next/swc-linux-arm64-gnu
90 silly reify mark deleted [ '/home/raccon/meu-chat-ia/node_modules/@next/swc-linux-arm64-gnu' ]
91 verbose reify failed optional dependency /home/raccon/meu-chat-ia/node_modules/@next/swc-darwin-x64
92 silly reify mark deleted [ '/home/raccon/meu-chat-ia/node_modules/@next/swc-darwin-x64' ]
93 verbose reify failed optional dependency /home/raccon/meu-chat-ia/node_modules/@next/swc-darwin-arm64
94 silly reify mark deleted [ '/home/raccon/meu-chat-ia/node_modules/@next/swc-darwin-arm64' ]
95 verbose reify failed optional dependency /home/raccon/meu-chat-ia/node_modules/@img/sharp-win32-x64
96 silly reify mark deleted [ '/home/raccon/meu-chat-ia/node_modules/@img/sharp-win32-x64' ]
97 verbose reify failed optional dependency /home/raccon/meu-chat-ia/node_modules/@img/sharp-win32-ia32
98 silly reify mark deleted [ '/home/raccon/meu-chat-ia/node_modules/@img/sharp-win32-ia32' ]
99 verbose reify failed optional dependency /home/raccon/meu-chat-ia/node_modules/@img/sharp-win32-arm64
100 silly reify mark deleted [ '/home/raccon/meu-chat-ia/node_modules/@img/sharp-win32-arm64' ]
101 verbose reify failed optional dependency /home/raccon/meu-chat-ia/node_modules/@img/sharp-wasm32
102 silly reify mark deleted [ '/home/raccon/meu-chat-ia/node_modules/@img/sharp-wasm32' ]
103 verbose reify failed optional dependency /home/raccon/meu-chat-ia/node_modules/@img/sharp-linuxmusl-arm64
104 silly reify mark deleted [ '/home/raccon/meu-chat-ia/node_modules/@img/sharp-linuxmusl-arm64' ]
105 verbose reify failed optional dependency /home/raccon/meu-chat-ia/node_modules/@img/sharp-linux-s390x
106 silly reify mark deleted [ '/home/raccon/meu-chat-ia/node_modules/@img/sharp-linux-s390x' ]
107 verbose reify failed optional dependency /home/raccon/meu-chat-ia/node_modules/@img/sharp-linux-arm64
108 silly reify mark deleted [ '/home/raccon/meu-chat-ia/node_modules/@img/sharp-linux-arm64' ]
109 verbose reify failed optional dependency /home/raccon/meu-chat-ia/node_modules/@img/sharp-linux-arm
110 silly reify mark deleted [ '/home/raccon/meu-chat-ia/node_modules/@img/sharp-linux-arm' ]
111 verbose reify failed optional dependency /home/raccon/meu-chat-ia/node_modules/@img/sharp-libvips-linuxmusl-arm64
112 silly reify mark deleted [
112 silly reify   '/home/raccon/meu-chat-ia/node_modules/@img/sharp-libvips-linuxmusl-arm64'
112 silly reify ]
113 verbose reify failed optional dependency /home/raccon/meu-chat-ia/node_modules/@img/sharp-libvips-linux-s390x
114 silly reify mark deleted [
114 silly reify   '/home/raccon/meu-chat-ia/node_modules/@img/sharp-libvips-linux-s390x'
114 silly reify ]
115 verbose reify failed optional dependency /home/raccon/meu-chat-ia/node_modules/@img/sharp-libvips-linux-ppc64
116 silly reify mark deleted [
116 silly reify   '/home/raccon/meu-chat-ia/node_modules/@img/sharp-libvips-linux-ppc64'
116 silly reify ]
117 verbose reify failed optional dependency /home/raccon/meu-chat-ia/node_modules/@img/sharp-libvips-linux-arm64
118 silly reify mark deleted [
118 silly reify   '/home/raccon/meu-chat-ia/node_modules/@img/sharp-libvips-linux-arm64'
118 silly reify ]
119 verbose reify failed optional dependency /home/raccon/meu-chat-ia/node_modules/@img/sharp-libvips-linux-arm
120 silly reify mark deleted [
120 silly reify   '/home/raccon/meu-chat-ia/node_modules/@img/sharp-libvips-linux-arm'
120 silly reify ]
121 verbose reify failed optional dependency /home/raccon/meu-chat-ia/node_modules/@img/sharp-libvips-darwin-x64
122 silly reify mark deleted [
122 silly reify   '/home/raccon/meu-chat-ia/node_modules/@img/sharp-libvips-darwin-x64'
122 silly reify ]
123 verbose reify failed optional dependency /home/raccon/meu-chat-ia/node_modules/@img/sharp-libvips-darwin-arm64
124 silly reify mark deleted [
124 silly reify   '/home/raccon/meu-chat-ia/node_modules/@img/sharp-libvips-darwin-arm64'
124 silly reify ]
125 verbose reify failed optional dependency /home/raccon/meu-chat-ia/node_modules/@img/sharp-darwin-x64
126 silly reify mark deleted [ '/home/raccon/meu-chat-ia/node_modules/@img/sharp-darwin-x64' ]
127 verbose reify failed optional dependency /home/raccon/meu-chat-ia/node_modules/@img/sharp-darwin-arm64
128 silly reify mark deleted [ '/home/raccon/meu-chat-ia/node_modules/@img/sharp-darwin-arm64' ]
129 http cache @napi-rs/wasm-runtime@https://registry.npmjs.org/@napi-rs/wasm-runtime/-/wasm-runtime-0.2.11.tgz 0ms (cache hit)
130 http cache @emnapi/core@https://registry.npmjs.org/@emnapi/core/-/core-1.4.3.tgz 0ms (cache hit)
131 http cache @tybys/wasm-util@https://registry.npmjs.org/@tybys/wasm-util/-/wasm-util-0.9.0.tgz 0ms (cache hit)
132 http cache @emnapi/wasi-threads@https://registry.npmjs.org/@emnapi/wasi-threads/-/wasi-threads-1.0.2.tgz 0ms (cache hit)
133 http fetch POST 200 https://registry.npmjs.org/-/npm/v1/security/advisories/bulk 343ms
134 silly audit report {}
135 verbose stack Error: command failed
135 verbose stack     at promiseSpawn (/home/raccon/.nvm/versions/node/v22.17.0/lib/node_modules/npm/node_modules/@npmcli/promise-spawn/lib/index.js:22:22)
135 verbose stack     at spawnWithShell (/home/raccon/.nvm/versions/node/v22.17.0/lib/node_modules/npm/node_modules/@npmcli/promise-spawn/lib/index.js:124:10)
135 verbose stack     at promiseSpawn (/home/raccon/.nvm/versions/node/v22.17.0/lib/node_modules/npm/node_modules/@npmcli/promise-spawn/lib/index.js:12:12)
135 verbose stack     at runScriptPkg (/home/raccon/.nvm/versions/node/v22.17.0/lib/node_modules/npm/node_modules/@npmcli/run-script/lib/run-script-pkg.js:77:13)
135 verbose stack     at runScript (/home/raccon/.nvm/versions/node/v22.17.0/lib/node_modules/npm/node_modules/@npmcli/run-script/lib/run-script.js:12:10)
135 verbose stack     at async Install.exec (/home/raccon/.nvm/versions/node/v22.17.0/lib/node_modules/npm/lib/commands/install.js:163:9)
135 verbose stack     at async Npm.exec (/home/raccon/.nvm/versions/node/v22.17.0/lib/node_modules/npm/lib/npm.js:207:9)
135 verbose stack     at async module.exports (/home/raccon/.nvm/versions/node/v22.17.0/lib/node_modules/npm/lib/cli/entry.js:74:5)
136 verbose pkgid material-ui-nextjs-ts@7.0.0
137 error code 1
138 error path /home/raccon/meu-chat-ia
139 error command failed
140 error command sh -c prisma generate
141 verbose cwd /home/raccon/meu-chat-ia
142 verbose os Linux 6.14.0-24-generic
143 verbose node v22.17.0
144 verbose npm  v10.9.2
145 verbose exit 1
146 verbose code 1
147 error A complete log of this run can be found in: /home/raccon/.npm/_logs/2025-07-18T18_45_04_675Z-debug-0.log
